  Compiling CUDA source file kernel.cu...
  Compiling CUDA source file SparseMatrix\Strategies\Multiplication\GPUMultiplicationKernel.cu...
  Compiling CUDA source file MultiplicationKernel.cu...
  
  
  C:\Users\gclka\source\repos\SparseMatrix\SparseMatrix>"C:\Program Files\NVIDIA GPU Computing Toolkit\CUDA\v13.0\bin\nvcc.exe" -gencode=arch=compute_75,code=\"sm_75,compute_75\" --use-local-env -ccbin "C:\Program Files\Microsoft Visual Studio\2022\Community\VC\Tools\MSVC\14.44.35207\bin\HostX64\x64" -x cu -rdc=true  -I"C:\Program Files\NVIDIA GPU Computing Toolkit\CUDA\v13.0\include" -I"C:\Program Files\NVIDIA GPU Computing Toolkit\CUDA\v13.0\include"     --keep-dir x64\Release -use_fast_math -maxrregcount=0 --ptxas-options=-v   --machine 64 --compile -cudart static    -DWIN32 -DWIN64 -DNDEBUG -D_CONSOLE -D_MBCS -Xcompiler "/EHsc /W3 /nologo /O2 /FS   /MD " -Xcompiler "/Fdx64\Release\vc143.pdb" -o C:\Users\gclka\source\repos\SparseMatrix\SparseMatrix\x64\Release\GPUMultiplicationKernel.cu.obj "C:\Users\gclka\source\repos\SparseMatrix\SparseMatrix\SparseMatrix\Strategies\Multiplication\GPUMultiplicationKernel.cu" 
  C:\Users\gclka\source\repos\SparseMatrix\SparseMatrix>"C:\Program Files\NVIDIA GPU Computing Toolkit\CUDA\v13.0\bin\nvcc.exe" -gencode=arch=compute_75,code=\"sm_75,compute_75\" --use-local-env -ccbin "C:\Program Files\Microsoft Visual Studio\2022\Community\VC\Tools\MSVC\14.44.35207\bin\HostX64\x64" -x cu -rdc=true  -I"C:\Program Files\NVIDIA GPU Computing Toolkit\CUDA\v13.0\include" -I"C:\Program Files\NVIDIA GPU Computing Toolkit\CUDA\v13.0\include"     --keep-dir x64\Release -use_fast_math -maxrregcount=0 --ptxas-options=-v   --machine 64 --compile -cudart static    -DWIN32 -DWIN64 -DNDEBUG -D_CONSOLE -D_MBCS -Xcompiler "/EHsc /W3 /nologo /O2 /FS   /MD " -Xcompiler "/Fdx64\Release\vc143.pdb" -o C:\Users\gclka\source\repos\SparseMatrix\SparseMatrix\x64\Release\MultiplicationKernel.cu.obj "C:\Users\gclka\source\repos\SparseMatrix\SparseMatrix\MultiplicationKernel.cu" 
  
  C:\Users\gclka\source\repos\SparseMatrix\SparseMatrix>"C:\Program Files\NVIDIA GPU Computing Toolkit\CUDA\v13.0\bin\nvcc.exe" -gencode=arch=compute_75,code=\"sm_75,compute_75\" --use-local-env -ccbin "C:\Program Files\Microsoft Visual Studio\2022\Community\VC\Tools\MSVC\14.44.35207\bin\HostX64\x64" -x cu -rdc=true  -I"C:\Program Files\NVIDIA GPU Computing Toolkit\CUDA\v13.0\include" -I"C:\Program Files\NVIDIA GPU Computing Toolkit\CUDA\v13.0\include"     --keep-dir x64\Release -use_fast_math -maxrregcount=0 --ptxas-options=-v   --machine 64 --compile -cudart static    -DWIN32 -DWIN64 -DNDEBUG -D_CONSOLE -D_MBCS -Xcompiler "/EHsc /W3 /nologo /O2 /FS   /MD " -Xcompiler "/Fdx64\Release\vc143.pdb" -o C:\Users\gclka\source\repos\SparseMatrix\SparseMatrix\x64\Release\kernel.cu.obj "C:\Users\gclka\source\repos\SparseMatrix\SparseMatrix\kernel.cu" 
  ptxas info    : 0 bytes gmem
  kernel.cu
  tmpxft_0000a048_00000000-7_kernel.cudafe1.cpp
C:\Users\gclka\source\repos\SparseMatrix\SparseMatrix\SparseMatrix\Strategies\Multiplication\GPUMultiplicationKernel.cu(583): warning #177-D: variable "gridSize" was declared but never referenced
    	int gridSize = (numElements + blockSize - 1) / blockSize;
    	    ^
  
  Remark: The warnings can be suppressed with "-diag-suppress <warning-number>"
  
  ptxas info    : 0 bytes gmem
  ptxas info    : Compiling entry function '_Z8multiplyPfS_S_i' for 'sm_75'
  ptxas info    : Function properties for _Z8multiplyPfS_S_i
      0 bytes stack frame, 0 bytes spill stores, 0 bytes spill loads
  ptxas info    : Used 12 registers, used 0 barriers, 380 bytes cmem[0]
  ptxas info    : Compile time = 0.000 ms
  MultiplicationKernel.cu
  ptxas info    : 20 bytes gmem
  ptxas info    : Function properties for _Z34copyAndMultiplySubtreeSharedMemoryPK8FlatNodePK14FlatChildEntryS1_S4_iiPiP9TupleNodeS7_$7
      112 bytes stack frame, 92 bytes spill stores, 92 bytes spill loads
  ptxas info    : Compile time = 0.000 ms
  ptxas info    : Compiling entry function '_Z8multiplyP8FlatNodeS0_P14FlatChildEntryS2_' for 'sm_75'
  ptxas info    : Function properties for _Z8multiplyP8FlatNodeS0_P14FlatChildEntryS2_
      0 bytes stack frame, 0 bytes spill stores, 0 bytes spill loads
  ptxas info    : Used 4 registers, used 0 barriers, 384 bytes cmem[0]
  ptxas info    : Compile time = 0.000 ms
  ptxas info    : Compiling entry function '_Z22imprIntersectionKernelP12CommonOffsetPKiS2_iiS2_S2_Pi' for 'sm_75'
  ptxas info    : Function properties for _Z22imprIntersectionKernelP12CommonOffsetPKiS2_iiS2_S2_Pi
      0 bytes stack frame, 0 bytes spill stores, 0 bytes spill loads
  ptxas info    : Used 12 registers, used 1 barriers, 408 bytes cmem[0]
  ptxas info    : Compile time = 0.000 ms
  ptxas info    : Compiling entry function '_Z18intersectionKernelP12CommonOffsetPKiS2_iiS2_S2_Pi' for 'sm_75'
  ptxas info    : Function properties for _Z18intersectionKernelP12CommonOffsetPKiS2_iiS2_S2_Pi
      0 bytes stack frame, 0 bytes spill stores, 0 bytes spill loads
  ptxas info    : Used 14 registers, used 0 barriers, 408 bytes cmem[0]
  ptxas info    : Compile time = 0.000 ms
  ptxas info    : Compiling entry function '_Z19multiplyTreesKernelPK8FlatNodePK14FlatChildEntryS1_S4_PiiP9TupleNode' for 'sm_75'
  ptxas info    : Function properties for _Z19multiplyTreesKernelPK8FlatNodePK14FlatChildEntryS1_S4_PiiP9TupleNode
      288 bytes stack frame, 0 bytes spill stores, 0 bytes spill loads
  ptxas info    : Used 24 registers, used 1 barriers, 408 bytes cmem[0]
  ptxas info    : Compile time = 0.000 ms
  ptxas info    : Compiling entry function '_Z24multiplyTreesKernelTiledPK8FlatNodePK14FlatChildEntryS1_S4_PiiP9TupleNode' for 'sm_75'
  ptxas info    : Function properties for _Z24multiplyTreesKernelTiledPK8FlatNodePK14FlatChildEntryS1_S4_PiiP9TupleNode
      296 bytes stack frame, 0 bytes spill stores, 0 bytes spill loads
  ptxas info    : Used 52 registers, used 1 barriers, 408 bytes cmem[0]
  ptxas info    : Compile time = 0.000 ms
  ptxas info    : Function properties for _Z22copyAndMultiplySubtreePK8FlatNodePK14FlatChildEntryS1_S4_iiPiP9TupleNodeS7_
      120 bytes stack frame, 96 bytes spill stores, 96 bytes spill loads
  ptxas info    : Compile time = 0.000 ms
  ptxas info    : Function properties for _Z34copyAndMultiplySubtreeSharedMemoryPK8FlatNodePK14FlatChildEntryS1_S4_iiPiP9TupleNodeS7_
      24 bytes stack frame, 8 bytes spill stores, 8 bytes spill loads
  ptxas info    : Compile time = 0.000 ms
  ptxas info    : Function properties for _Z30copyAndMultiplySubtreeOriginalPK8FlatNodePK14FlatChildEntryS1_S4_PS_PS2_iiPiS7_S7_S6_S5_S7_S7_
      208 bytes stack frame, 144 bytes spill stores, 144 bytes spill loads
  ptxas info    : Compile time = 0.000 ms
  ptxas info    : Function properties for _Z25copyAndMultiplySubtreeNewPK8FlatNodePK14FlatChildEntryS1_S4_PS_PS2_iiPiS7_S7_
      680 bytes stack frame, 116 bytes spill stores, 116 bytes spill loads
  ptxas info    : Compile time = 0.000 ms
  ptxas info    : Function properties for _Z17insertChildSortedP14FlatChildEntryiRiS_
      0 bytes stack frame, 0 bytes spill stores, 0 bytes spill loads
  ptxas info    : Compile time = 0.000 ms
  ptxas info    : Function properties for _Z17findMatchingChildPK14FlatChildEntryiii
      0 bytes stack frame, 0 bytes spill stores, 0 bytes spill loads
  ptxas info    : Compile time = 0.000 ms
  GPUMultiplicationKernel.cu
  tmpxft_000057b0_00000000-7_MultiplicationKernel.cudafe1.cpp
C:\Users\gclka\source\repos\SparseMatrix\SparseMatrix\MultiplicationKernel.cu(21): warning C4267: 'initializing': conversion from 'size_t' to 'int', possible loss of data
  tmpxft_00007a20_00000000-7_GPUMultiplicationKernel.cudafe1.cpp
  GlobalMatrixService.cpp
  GPUSparseMatrix.h
C:\Users\gclka\source\repos\SparseMatrix\SparseMatrix\GPUSparseMatrix.h(38,65): warning C4267: 'argument': conversion from 'size_t' to 'int', possible loss of data
  main.cpp
C:\Users\gclka\source\repos\SparseMatrix\SparseMatrix\SparseMatrix\SparseMatrix.h(349,23): warning C4267: 'initializing': conversion from 'size_t' to 'int', possible loss of data
  (compiling source file 'main.cpp')
  
C:\Users\gclka\source\repos\SparseMatrix\SparseMatrix\GPUSparseMatrix.h(38,65): warning C4267: 'argument': conversion from 'size_t' to 'int', possible loss of data
  (compiling source file 'main.cpp')
  
C:\Users\gclka\source\repos\SparseMatrix\SparseMatrix\main.cpp(106,54): warning C4244: 'argument': conversion from 'int' to 'float', possible loss of data
  
  C:\Users\gclka\source\repos\SparseMatrix\SparseMatrix>"C:\Program Files\NVIDIA GPU Computing Toolkit\CUDA\v13.0\bin\nvcc.exe" -dlink  -o x64\Release\SparseMatrix.device-link.obj -Xcompiler "/EHsc /W3 /nologo /O2   /MD " -Xcompiler "/Fdx64\Release\vc143.pdb" -L"C:\Program Files\NVIDIA GPU Computing Toolkit\CUDA\v13.0\bin\x64/crt" -L"C:\Program Files\NVIDIA GPU Computing Toolkit\CUDA\v13.0\lib\x64" -L"C:\Program Files\NVIDIA GPU Computing Toolkit\CUDA\v13.0\lib\x64" cudart_static.lib kernel32.lib user32.lib gdi32.lib winspool.lib comdlg32.lib advapi32.lib shell32.lib ole32.lib oleaut32.lib uuid.lib odbc32.lib odbccp32.lib cudadevrt.lib cudart.lib  -gencode=arch=compute_75,code=sm_75   C:\Users\gclka\source\repos\SparseMatrix\SparseMatrix\x64\Release\kernel.cu.obj C:\Users\gclka\source\repos\SparseMatrix\SparseMatrix\x64\Release\MultiplicationKernel.cu.obj C:\Users\gclka\source\repos\SparseMatrix\SparseMatrix\x64\Release\GPUMultiplicationKernel.cu.obj 
CUDALINK : nvlink warning : Stack size for entry function '_Z19multiplyTreesKernelPK8FlatNodePK14FlatChildEntryS1_S4_PiiP9TupleNode' cannot be statically determined
CUDALINK : nvlink warning : Stack size for entry function '_Z24multiplyTreesKernelTiledPK8FlatNodePK14FlatChildEntryS1_S4_PiiP9TupleNode' cannot be statically determined
  cudart_static.lib
  kernel32.lib
  user32.lib
  gdi32.lib
  winspool.lib
  comdlg32.lib
  advapi32.lib
  shell32.lib
  ole32.lib
  oleaut32.lib
  uuid.lib
  odbc32.lib
  odbccp32.lib
  cudadevrt.lib
  cudart.lib
  kernel.cu.obj
  MultiplicationKernel.cu.obj
  GPUMultiplicationKernel.cu.obj
     Creating library C:\Users\gclka\source\repos\SparseMatrix\x64\Release\SparseMatrix.lib and object C:\Users\gclka\source\repos\SparseMatrix\x64\Release\SparseMatrix.exp
LINK : warning LNK4098: defaultlib 'LIBCMT' conflicts with use of other libs; use /NODEFAULTLIB:library
  Generating code
  Finished generating code
  SparseMatrix.vcxproj -> C:\Users\gclka\source\repos\SparseMatrix\x64\Release\SparseMatrix.exe
