c:\users\gclka\source\repos\sparsematrix\sparsematrix\x64\release\vc143.pdb
c:\users\gclka\source\repos\sparsematrix\sparsematrix\x64\release\main.obj
c:\users\gclka\source\repos\sparsematrix\sparsematrix\x64\release\gpusparsematrix.obj
c:\users\gclka\source\repos\sparsematrix\sparsematrix\x64\release\globalmatrixservice.obj
c:\users\gclka\source\repos\sparsematrix\sparsematrix\x64\release\kernel.cu.obj
c:\users\gclka\source\repos\sparsematrix\sparsematrix\x64\release\multiplicationkernel.cu.obj
c:\users\gclka\source\repos\sparsematrix\sparsematrix\x64\release\gpumultiplicationkernel.cu.obj
c:\users\gclka\source\repos\sparsematrix\x64\release\sparsematrix.exe
c:\users\gclka\source\repos\sparsematrix\x64\release\sparsematrix.pdb
c:\users\gclka\source\repos\sparsematrix\x64\release\sparsematrix.lib
c:\users\gclka\source\repos\sparsematrix\x64\release\sparsematrix.exp
c:\users\gclka\source\repos\sparsematrix\sparsematrix\x64\release\sparsematrix.iobj
c:\users\gclka\source\repos\sparsematrix\sparsematrix\x64\release\gpumultiplicationkernel.cu.cache
c:\users\gclka\source\repos\sparsematrix\sparsematrix\x64\release\kernel.cu.cache
c:\users\gclka\source\repos\sparsematrix\sparsematrix\x64\release\multiplicationkernel.cu.cache
c:\users\gclka\source\repos\sparsematrix\sparsematrix\x64\release\sparsematrix.device-link.obj
c:\users\gclka\source\repos\sparsematrix\sparsematrix\x64\release\sparsematrix.tlog\cl.command.1.tlog
c:\users\gclka\source\repos\sparsematrix\sparsematrix\x64\release\sparsematrix.tlog\cl.items.tlog
c:\users\gclka\source\repos\sparsematrix\sparsematrix\x64\release\sparsematrix.tlog\cl.read.1.tlog
c:\users\gclka\source\repos\sparsematrix\sparsematrix\x64\release\sparsematrix.tlog\cl.write.1.tlog
c:\users\gclka\source\repos\sparsematrix\sparsematrix\x64\release\sparsematrix.tlog\cudacompile.read.1u.tlog
c:\users\gclka\source\repos\sparsematrix\sparsematrix\x64\release\sparsematrix.tlog\cudacompile.write.1u.tlog
c:\users\gclka\source\repos\sparsematrix\sparsematrix\x64\release\sparsematrix.tlog\link.command.1.tlog
c:\users\gclka\source\repos\sparsematrix\sparsematrix\x64\release\sparsematrix.tlog\link.read.1.tlog
c:\users\gclka\source\repos\sparsematrix\sparsematrix\x64\release\sparsematrix.tlog\link.secondary.1.tlog
c:\users\gclka\source\repos\sparsematrix\sparsematrix\x64\release\sparsematrix.tlog\link.write.1.tlog
