c:\users\gclka\source\repos\sparsematrix\sparsematrix\x64\debug\vc143.pdb
c:\users\gclka\source\repos\sparsematrix\sparsematrix\x64\debug\vc143.idb
c:\users\gclka\source\repos\sparsematrix\sparsematrix\x64\debug\main.obj
c:\users\gclka\source\repos\sparsematrix\sparsematrix\x64\debug\gpusparsematrix.obj
c:\users\gclka\source\repos\sparsematrix\sparsematrix\x64\debug\globalmatrixservice.obj
c:\users\gclka\source\repos\sparsematrix\sparsematrix\x64\debug\kernel.cu.obj
c:\users\gclka\source\repos\sparsematrix\sparsematrix\x64\debug\multiplicationkernel.cu.obj
c:\users\gclka\source\repos\sparsematrix\sparsematrix\x64\debug\gpumultiplicationkernel.cu.obj
c:\users\gclka\source\repos\sparsematrix\x64\debug\sparsematrix.exe
c:\users\gclka\source\repos\sparsematrix\x64\debug\sparsematrix.pdb
c:\users\gclka\source\repos\sparsematrix\x64\debug\sparsematrix.lib
c:\users\gclka\source\repos\sparsematrix\x64\debug\sparsematrix.exp
c:\users\gclka\source\repos\sparsematrix\sparsematrix\x64\debug\sparsematrix.ilk
c:\users\gclka\source\repos\sparsematrix\sparsematrix\x64\debug\gpumultiplicationkernel.cu.cache
c:\users\gclka\source\repos\sparsematrix\sparsematrix\x64\debug\kernel.cu.cache
c:\users\gclka\source\repos\sparsematrix\sparsematrix\x64\debug\multiplicationkernel.cu.cache
c:\users\gclka\source\repos\sparsematrix\sparsematrix\x64\debug\sparsematrix.tlog\cl.command.1.tlog
c:\users\gclka\source\repos\sparsematrix\sparsematrix\x64\debug\sparsematrix.tlog\cl.items.tlog
c:\users\gclka\source\repos\sparsematrix\sparsematrix\x64\debug\sparsematrix.tlog\cl.read.1.tlog
c:\users\gclka\source\repos\sparsematrix\sparsematrix\x64\debug\sparsematrix.tlog\cl.write.1.tlog
c:\users\gclka\source\repos\sparsematrix\sparsematrix\x64\debug\sparsematrix.tlog\cudacompile.read.1u.tlog
c:\users\gclka\source\repos\sparsematrix\sparsematrix\x64\debug\sparsematrix.tlog\cudacompile.write.1u.tlog
c:\users\gclka\source\repos\sparsematrix\sparsematrix\x64\debug\sparsematrix.tlog\link.command.1.tlog
c:\users\gclka\source\repos\sparsematrix\sparsematrix\x64\debug\sparsematrix.tlog\link.read.1.tlog
c:\users\gclka\source\repos\sparsematrix\sparsematrix\x64\debug\sparsematrix.tlog\link.secondary.1.tlog
c:\users\gclka\source\repos\sparsematrix\sparsematrix\x64\debug\sparsematrix.tlog\link.write.1.tlog
