  Compiling CUDA source file kernel.cu...
  Compiling CUDA source file SparseMatrix\Strategies\Multiplication\GPUMultiplicationKernel.cu...
  Compiling CUDA source file MultiplicationKernel.cu...
  
  C:\Users\gclka\source\repos\SparseMatrix\SparseMatrix>"C:\Program Files\NVIDIA GPU Computing Toolkit\CUDA\v13.0\bin\nvcc.exe" -gencode=arch=compute_75,code=\"sm_75,compute_75\" --use-local-env -ccbin "C:\Program Files\Microsoft Visual Studio\2022\Community\VC\Tools\MSVC\14.44.35207\bin\HostX64\x64" -x cu   -I"C:\Program Files\NVIDIA GPU Computing Toolkit\CUDA\v13.0\include" -I"C:\Program Files\NVIDIA GPU Computing Toolkit\CUDA\v13.0\include"   -lineinfo  --keep-dir x64\Debug -use_fast_math -maxrregcount=0    --machine 64 --compile -cudart static -lineinfo -Xcompiler "/Zi" -g  -DWIN32 -DWIN64 -D_DEBUG -D_CONSOLE -D_MBCS -Xcompiler "/EHsc /W3 /nologo /Od /FS /Zi /RTC1 /MDd " -Xcompiler "/Fdx64\Debug\vc143.pdb" -o C:\Users\gclka\source\repos\SparseMatrix\SparseMatrix\x64\Debug\kernel.cu.obj "C:\Users\gclka\source\repos\SparseMatrix\SparseMatrix\kernel.cu" 
  
  
  C:\Users\gclka\source\repos\SparseMatrix\SparseMatrix>"C:\Program Files\NVIDIA GPU Computing Toolkit\CUDA\v13.0\bin\nvcc.exe" -gencode=arch=compute_75,code=\"sm_75,compute_75\" --use-local-env -ccbin "C:\Program Files\Microsoft Visual Studio\2022\Community\VC\Tools\MSVC\14.44.35207\bin\HostX64\x64" -x cu   -I"C:\Program Files\NVIDIA GPU Computing Toolkit\CUDA\v13.0\include" -I"C:\Program Files\NVIDIA GPU Computing Toolkit\CUDA\v13.0\include"   -lineinfo  --keep-dir x64\Debug -use_fast_math -maxrregcount=0    --machine 64 --compile -cudart static -lineinfo -Xcompiler "/Zi" -g  -DWIN32 -DWIN64 -D_DEBUG -D_CONSOLE -D_MBCS -Xcompiler "/EHsc /W3 /nologo /Od /FS /Zi /RTC1 /MDd " -Xcompiler "/Fdx64\Debug\vc143.pdb" -o C:\Users\gclka\source\repos\SparseMatrix\SparseMatrix\x64\Debug\GPUMultiplicationKernel.cu.obj "C:\Users\gclka\source\repos\SparseMatrix\SparseMatrix\SparseMatrix\Strategies\Multiplication\GPUMultiplicationKernel.cu" 
  C:\Users\gclka\source\repos\SparseMatrix\SparseMatrix>"C:\Program Files\NVIDIA GPU Computing Toolkit\CUDA\v13.0\bin\nvcc.exe" -gencode=arch=compute_75,code=\"sm_75,compute_75\" --use-local-env -ccbin "C:\Program Files\Microsoft Visual Studio\2022\Community\VC\Tools\MSVC\14.44.35207\bin\HostX64\x64" -x cu   -I"C:\Program Files\NVIDIA GPU Computing Toolkit\CUDA\v13.0\include" -I"C:\Program Files\NVIDIA GPU Computing Toolkit\CUDA\v13.0\include"   -lineinfo  --keep-dir x64\Debug -use_fast_math -maxrregcount=0    --machine 64 --compile -cudart static -lineinfo -Xcompiler "/Zi" -g  -DWIN32 -DWIN64 -D_DEBUG -D_CONSOLE -D_MBCS -Xcompiler "/EHsc /W3 /nologo /Od /FS /Zi /RTC1 /MDd " -Xcompiler "/Fdx64\Debug\vc143.pdb" -o C:\Users\gclka\source\repos\SparseMatrix\SparseMatrix\x64\Debug\MultiplicationKernel.cu.obj "C:\Users\gclka\source\repos\SparseMatrix\SparseMatrix\MultiplicationKernel.cu" 
  kernel.cu
  tmpxft_000057f8_00000000-7_kernel.cudafe1.cpp
C:\Users\gclka\source\repos\SparseMatrix\SparseMatrix\SparseMatrix\Strategies\Multiplication\GPUMultiplicationKernel.cu(583): warning #177-D: variable "gridSize" was declared but never referenced
    	int gridSize = (numElements + blockSize - 1) / blockSize;
    	    ^
  
  Remark: The warnings can be suppressed with "-diag-suppress <warning-number>"
  
  MultiplicationKernel.cu
  GPUMultiplicationKernel.cu
  tmpxft_00007738_00000000-7_MultiplicationKernel.cudafe1.cpp
C:\Users\gclka\source\repos\SparseMatrix\SparseMatrix\MultiplicationKernel.cu(21): warning C4267: 'initializing': conversion from 'size_t' to 'int', possible loss of data
  tmpxft_00009690_00000000-7_GPUMultiplicationKernel.cudafe1.cpp
  GlobalMatrixService.cpp
  GPUSparseMatrix.h
C:\Users\gclka\source\repos\SparseMatrix\SparseMatrix\GPUSparseMatrix.h(38,65): warning C4267: 'argument': conversion from 'size_t' to 'int', possible loss of data
  main.cpp
C:\Users\gclka\source\repos\SparseMatrix\SparseMatrix\SparseMatrix\SparseMatrix.h(349,23): warning C4267: 'initializing': conversion from 'size_t' to 'int', possible loss of data
  (compiling source file 'main.cpp')
  
C:\Users\gclka\source\repos\SparseMatrix\SparseMatrix\GPUSparseMatrix.h(38,65): warning C4267: 'argument': conversion from 'size_t' to 'int', possible loss of data
  (compiling source file 'main.cpp')
  
C:\Users\gclka\source\repos\SparseMatrix\SparseMatrix\main.cpp(106,54): warning C4244: 'argument': conversion from 'int' to 'float', possible loss of data
  Generating Code...
     Creating library C:\Users\gclka\source\repos\SparseMatrix\x64\Debug\SparseMatrix.lib and object C:\Users\gclka\source\repos\SparseMatrix\x64\Debug\SparseMatrix.exp
LINK : warning LNK4098: defaultlib 'LIBCMT' conflicts with use of other libs; use /NODEFAULTLIB:library
  SparseMatrix.vcxproj -> C:\Users\gclka\source\repos\SparseMatrix\x64\Debug\SparseMatrix.exe
